<?xml version="1.0" encoding="UTF-8"?>
<testsuite xmlns:xsi="http://www.w3.org/2001/XMLSchema-instance" xsi:noNamespaceSchemaLocation="https://maven.apache.org/surefire/maven-surefire-plugin/xsd/surefire-test-report-3.0.xsd" version="3.0" name="kitchen.KitchenQueueTest" time="3.111" tests="5" errors="0" skipped="0" failures="0">
  <properties>
[...]
</properties>
  <testcase name="completedOrdersShouldBeRemovedFromActiveList" classname="kitchen.KitchenQueueTest" time="2.875">
    <system-err><![CDATA[Mockito is currently self-attaching to enable the inline-mock-maker. This will no longer work in future releases of the JDK. Please add Mockito as an agent to your build as described in Mockito's documentation: https://javadoc.io/doc/org.mockito/mockito-core/latest/org.mockito/org/mockito/Mockito.html#0.3
WARNING: A Java agent has been loaded dynamically (C:\Users\Lenovo-P14s\.m2\repository\net\bytebuddy\byte-buddy-agent\1.17.7\byte-buddy-agent-1.17.7.jar)
WARNING: If a serviceability tool is in use, please run with -XX:+EnableDynamicAgentLoading to hide this warning
WARNING: If a serviceability tool is not in use, please run with -Djdk.instrument.traceUsage for more information
WARNING: Dynamic loading of agents will be disallowed by default in a future release
]]></system-err>
  </testcase>
  <testcase name="orderStatusShouldUpdateToInProgress" classname="kitchen.KitchenQueueTest" time="0.005"/>
  <testcase name="newOrderAppearsInTheQueue" classname="kitchen.KitchenQueueTest" time="0.005"/>
  <testcase name="CustomerShouldBeNotifiedWhenOrderIsComplete" classname="kitchen.KitchenQueueTest" time="0.004"/>
  <testcase name="testConnectionLostHandling" classname="kitchen.KitchenQueueTest" time="0.147"/>
</testsuite>